0 verbose cli /usr/bin/node /usr/bin/npm
1 info using npm@10.8.2
2 info using node@v18.20.8
3 silly config load:file:/usr/lib/node_modules/npm/npmrc
4 silly config load:file:/var/www/.npmrc
5 silly config load:file:/usr/etc/npmrc
6 verbose title npm run build
7 verbose argv "run" "build"
8 verbose logfile logs-max:10 dir:/var/www/.npm/_logs/2025-11-05T01_45_32_716Z-
9 verbose logfile /var/www/.npm/_logs/2025-11-05T01_45_32_716Z-debug-0.log
10 silly logfile done cleaning log files
11 http fetch GET 200 https://registry.npmjs.org/npm 625ms
12 verbose cwd /var/www
13 verbose os Linux 6.10.14-linuxkit
14 verbose node v18.20.8
15 verbose npm  v10.8.2
16 notice
16 notice New major version of npm available! 10.8.2 -> 11.6.2
16 notice Changelog: https://github.com/npm/cli/releases/tag/v11.6.2
16 notice To update run: npm install -g npm@11.6.2
16 notice  { force: true, [Symbol(proc-log.meta)]: true }
17 verbose exit 1
18 verbose code 1
